[dotenv@17.2.3] injecting env (0) from .env -- tip: 🔑 add access controls to secrets: https://dotenvx.com/ops
Database path: /tmp/cc-agent/61238520/project/server/data/tasks.db
CREATE TABLE IF NOT EXISTS chores (
        id INTEGER PRIMARY KEY AUTOINCREMENT,
        user_id INTEGER,
        title TEXT,        description TEXT,        time_period TEXT,        assigned_day_of_week TEXT,        repeat_type TEXT,        completed BOOLEAN,
        clam_value INTEGER DEFAULT 0,
        expiration_date TEXT
      );
CREATE TABLE IF NOT EXISTS users (
        id INTEGER PRIMARY KEY AUTOINCREMENT,        username TEXT,        email TEXT,        profile_picture TEXT,        clam_total INTEGER DEFAULT 0
      );
INSERT OR IGNORE INTO users (id, username, email, profile_picture, clam_total) VALUES (0, 'bonus', 'bonus@example.com', '', 0);
CREATE TABLE IF NOT EXISTS events (
        id INTEGER PRIMARY KEY AUTOINCREMENT,        user_id INTEGER,        summary TEXT,        start TEXT,        end TEXT,        description TEXT
      );
CREATE TABLE IF NOT EXISTS settings (
        key TEXT PRIMARY KEY,
        value TEXT
      );
CREATE TABLE IF NOT EXISTS prizes (
        id INTEGER PRIMARY KEY AUTOINCREMENT,
        name TEXT NOT NULL,
        clam_cost INTEGER NOT NULL
      );
CREATE TABLE IF NOT EXISTS calendar_sources (
        id INTEGER PRIMARY KEY AUTOINCREMENT,
        name TEXT NOT NULL,
        type TEXT NOT NULL,
        url TEXT NOT NULL,
        username TEXT,
        password TEXT,
        color TEXT NOT NULL DEFAULT '#6e44ff',
        enabled INTEGER NOT NULL DEFAULT 1,
        sort_order INTEGER NOT NULL DEFAULT 0,
        created_at TEXT DEFAULT CURRENT_TIMESTAMP
      );
CREATE INDEX IF NOT EXISTS idx_calendar_sources_enabled ON calendar_sources(enabled);
CREATE INDEX IF NOT EXISTS idx_calendar_sources_sort_order ON calendar_sources(sort_order);
PRAGMA table_info(chores)
SELECT COUNT(*) as count FROM calendar_sources
SELECT value FROM settings WHERE key = 'ICS_CALENDAR_URL'
SELECT id, user_id, assigned_day_of_week, repeat_type, completed, clam_value, expiration_date FROM chores
{"level":40,"time":1765390359187,"pid":183,"hostname":"localhost","msg":"\"root\" path \"/tmp/cc-agent/61238520/project/server/uploads\" must exist"}
Server running on port 5001
{"level":40,"time":1765390359189,"pid":183,"hostname":"localhost","msg":"\"root\" path \"/tmp/cc-agent/61238520/project/server/uploads/users\" must exist"}
{"level":30,"time":1765390359287,"pid":183,"hostname":"localhost","msg":"Server listening at http://127.0.0.1:5001"}
{"level":30,"time":1765390359287,"pid":183,"hostname":"localhost","msg":"Server listening at http://169.254.8.1:5001"}
{"level":30,"time":1765390359287,"pid":183,"hostname":"localhost","msg":"Server listening at http://169.254.9.1:5001"}
{"level":30,"time":1765390359287,"pid":183,"hostname":"localhost","msg":"Server listening at http://169.254.169.1:5001"}
{"level":30,"time":1765390370321,"pid":183,"hostname":"localhost","reqId":"req-1","req":{"method":"GET","url":"/api/test","host":"localhost:5001","remoteAddress":"127.0.0.1","remotePort":38482},"msg":"incoming request"}
Incoming request: GET /api/test
{"level":30,"time":1765390370328,"pid":183,"hostname":"localhost","reqId":"req-1","res":{"statusCode":200},"responseTime":5.797649000000092,"msg":"request completed"}
{"level":30,"time":1765390377499,"pid":183,"hostname":"localhost","reqId":"req-2","req":{"method":"GET","url":"/api/users","host":"localhost:5001","remoteAddress":"127.0.0.1","remotePort":38492},"msg":"incoming request"}
Incoming request: GET /api/users
SELECT id, username, email, profile_picture, clam_total FROM users
{"level":30,"time":1765390377501,"pid":183,"hostname":"localhost","reqId":"req-2","res":{"statusCode":200},"responseTime":1.292208999991999,"msg":"request completed"}
